<?xml version="1.0" encoding="UTF-8"?>
<!-- Generated by org.testng.reporters.JUnitXMLReporter -->
<testsuite hostname="nsubramani-mbp-1" name="Default test" tests="4" failures="0" timestamp="14 Sep 2020 13:06:48 GMT" time="55.935" errors="0">
  <testcase name="validatePage" time="0.15" classname="com.koch.koch_assignment.AirlineFlightsDetailsScenarios"/>
  <testcase name="validatesearchResult" time="46.845" classname="com.koch.koch_assignment.AirlineFlightsDetailsScenarios"/>
  <testcase name="validateAirlineDetails" time="3.119" classname="com.koch.koch_assignment.AirlineFlightsDetailsScenarios"/>
  <testcase name="validateFilterOptions" time="3.733" classname="com.koch.koch_assignment.AirlineFlightsDetailsScenarios"/>
</testsuite> <!-- Default test -->
