<?xml version="1.0" encoding="UTF-8"?>
<!-- Generated by org.testng.reporters.JUnitXMLReporter -->
<testsuite hostname="nsubramani-mbp-1" name="dockabl" tests="1" failures="1" timestamp="16 Jul 2020 16:18:45 GMT" time="1.014" errors="0">
  <testcase name="validatePage" time="0.006" classname="com.koch.koch_assignment.AirlineFlightsDetailsScenarios">
    <failure type="java.lang.NullPointerException">
      <![CDATA[java.lang.NullPointerException
	at org.openqa.selenium.support.pagefactory.DefaultElementLocator.findElement(DefaultElementLocator.java:69)
	at org.openqa.selenium.support.pagefactory.internal.LocatingElementHandler.invoke(LocatingElementHandler.java:38)
	at com.sun.proxy.$Proxy10.isDisplayed(Unknown Source)
	at com.koch.koch_assignment.pages.FlightsPage.validateElementPresent(FlightsPage.java:46)
	at com.koch.koch_assignment.AirlineFlightsDetailsScenarios.validatePage(AirlineFlightsDetailsScenarios.java:28)
... Removed 24 stack frames]]>
    </failure>
  </testcase> <!-- validatePage -->
</testsuite> <!-- dockabl -->
